<?xml version="1.0" encoding="UTF-8"?>
<testng-results ignored="0" total="2" passed="2" failed="0" skipped="0">
  <reporter-output>
  </reporter-output>
  <suite started-at="2021-07-26T22:24:10 IST" name="Suite" finished-at="2021-07-26T22:25:15 IST" duration-ms="65357">
    <groups>
    </groups>
    <test started-at="2021-07-26T22:24:10 IST" name="Test" finished-at="2021-07-26T22:25:15 IST" duration-ms="65357">
      <class name="com.sir.Raa5">
        <test-method is-config="true" signature="setup()[pri:0, instance:com.sir.Raa5@36fc695d]" started-at="2021-07-26T22:24:10 IST" name="setup" finished-at="2021-07-26T22:24:45 IST" duration-ms="34693" status="PASS">
          <reporter-output>
          </reporter-output>
        </test-method> <!-- setup -->
        <test-method signature="freeCrmTitleTest()[pri:1, instance:com.sir.Raa5@36fc695d]" started-at="2021-07-26T22:24:45 IST" name="freeCrmTitleTest" finished-at="2021-07-26T22:24:45 IST" duration-ms="108" status="PASS">
          <reporter-output>
          </reporter-output>
        </test-method> <!-- freeCrmTitleTest -->
        <test-method is-config="true" signature="tearDown()[pri:0, instance:com.sir.Raa5@36fc695d]" started-at="2021-07-26T22:24:45 IST" name="tearDown" finished-at="2021-07-26T22:24:46 IST" duration-ms="1484" status="PASS">
          <reporter-output>
          </reporter-output>
        </test-method> <!-- tearDown -->
        <test-method is-config="true" signature="setup()[pri:0, instance:com.sir.Raa5@36fc695d]" started-at="2021-07-26T22:24:46 IST" name="setup" finished-at="2021-07-26T22:25:11 IST" duration-ms="24216" status="PASS">
          <reporter-output>
          </reporter-output>
        </test-method> <!-- setup -->
        <test-method signature="freemCRMLogoTest()[pri:2, instance:com.sir.Raa5@36fc695d]" started-at="2021-07-26T22:25:11 IST" name="freemCRMLogoTest" finished-at="2021-07-26T22:25:14 IST" duration-ms="3011" status="PASS">
          <reporter-output>
          </reporter-output>
        </test-method> <!-- freemCRMLogoTest -->
        <test-method is-config="true" signature="tearDown()[pri:0, instance:com.sir.Raa5@36fc695d]" started-at="2021-07-26T22:25:14 IST" name="tearDown" finished-at="2021-07-26T22:25:15 IST" duration-ms="1587" status="PASS">
          <reporter-output>
          </reporter-output>
        </test-method> <!-- tearDown -->
      </class> <!-- com.sir.Raa5 -->
    </test> <!-- Test -->
  </suite> <!-- Suite -->
</testng-results>
